{"numTotalTestSuites":245,"numPassedTestSuites":207,"numFailedTestSuites":38,"numPendingTestSuites":0,"numTotalTests":654,"numPassedTests":583,"numFailedTests":56,"numPendingTests":15,"numTodoTests":0,"snapshot":{"added":0,"failure":false,"filesAdded":0,"filesRemoved":0,"filesRemovedList":[],"filesUnmatched":0,"filesUpdated":0,"matched":0,"total":0,"unchecked":0,"uncheckedKeysByFile":[],"unmatched":0,"updated":0,"didUpdate":false},"startTime":1775982330869,"success":false,"testResults":[{"assertionResults":[{"ancestorTitles":["Story 7A.2: subscription-plans config"],"fullName":"Story 7A.2: subscription-plans config exports 3 plans: free, starter, pro","status":"passed","title":"exports 3 plans: free, starter, pro","duration":0.8875000000000028,"failureMessages":[],"meta":{}},{"ancestorTitles":["Story 7A.2: subscription-plans config","Free plan"],"fullName":"Story 7A.2: subscription-plans config Free plan has correct pricing","status":"passed","title":"has correct pricing","duration":0.1457499999999996,"failureMessages":[],"meta":{}},{"ancestorTitles":["Story 7A.2: subscription-plans config","Free plan"],"fullName":"Story 7A.2: subscription-plans config Free plan has correct entitlements","status":"passed","title":"has correct entitlements","duration":0.10150000000000148,"failureMessages":[],"meta":{}},{"ancestorTitles":["Story 7A.2: subscription-plans config","Free plan"],"fullName":"Story 7A.2: subscription-plans config Free plan has restricted feature flags","status":"passed","title":"has restricted feature flags","duration":0.2098750000000038,"failureMessages":[],"meta":{}},{"ancestorTitles":["Story 7A.2: subscription-plans config","Free plan"],"fullName":"Story 7A.2: subscription-plans config Free plan has no overage label","status":"passed","title":"has no overage label","duration":0.05191599999999852,"failureMessages":[],"meta":{}},{"ancestorTitles":["Story 7A.2: subscription-plans config","Starter plan"],"fullName":"Story 7A.2: subscription-plans config Starter plan has correct pricing","status":"passed","title":"has correct pricing","duration":0.0433749999999975,"failureMessages":[],"meta":{}},{"ancestorTitles":["Story 7A.2: subscription-plans config","Starter plan"],"fullName":"Story 7A.2: subscription-plans config Starter plan has correct entitlements","status":"passed","title":"has correct entitlements","duration":0.0899169999999998,"failureMessages":[],"meta":{}},{"ancestorTitles":["Story 7A.2: subscription-plans config","Starter plan"],"fullName":"Story 7A.2: subscription-plans config Starter plan has starter feature flags","status":"passed","title":"has starter feature flags","duration":0.06883300000000503,"failureMessages":[],"meta":{}},{"ancestorTitles":["Story 7A.2: subscription-plans config","Starter plan"],"fullName":"Story 7A.2: subscription-plans config Starter plan has overage label","status":"passed","title":"has overage label","duration":0.1425000000000054,"failureMessages":[],"meta":{}},{"ancestorTitles":["Story 7A.2: subscription-plans config","Pro plan"],"fullName":"Story 7A.2: subscription-plans config Pro plan has correct pricing","status":"passed","title":"has correct pricing","duration":0.05462500000000148,"failureMessages":[],"meta":{}},{"ancestorTitles":["Story 7A.2: subscription-plans config","Pro plan"],"fullName":"Story 7A.2: subscription-plans config Pro plan has correct entitlements","status":"passed","title":"has correct entitlements","duration":0.056292000000006226,"failureMessages":[],"meta":{}},{"ancestorTitles":["Story 7A.2: subscription-plans config","Pro plan"],"fullName":"Story 7A.2: subscription-plans config Pro plan has full feature flags","status":"passed","title":"has full feature flags","duration":0.05237499999999784,"failureMessages":[],"meta":{}},{"ancestorTitles":["Story 7A.2: subscription-plans config","getPlanConfig"],"fullName":"Story 7A.2: subscription-plans config getPlanConfig returns correct plan for valid ID","status":"passed","title":"returns correct plan for valid ID","duration":0.049208999999997616,"failureMessages":[],"meta":{}},{"ancestorTitles":["Story 7A.2: subscription-plans config","getPlanConfig"],"fullName":"Story 7A.2: subscription-plans config getPlanConfig throws for invalid plan ID","status":"passed","title":"throws for invalid plan ID","duration":0.27266699999999844,"failureMessages":[],"meta":{}},{"ancestorTitles":["Story 7A.2: subscription-plans config","formatPriceFCFA"],"fullName":"Story 7A.2: subscription-plans config formatPriceFCFA returns 'Gratuit' for 0","status":"passed","title":"returns 'Gratuit' for 0","duration":0.05441600000000335,"failureMessages":[],"meta":{}},{"ancestorTitles":["Story 7A.2: subscription-plans config","formatPriceFCFA"],"fullName":"Story 7A.2: subscription-plans config formatPriceFCFA formats with French number format + FCFA","status":"passed","title":"formats with French number format + FCFA","duration":7.733542,"failureMessages":[],"meta":{}},{"ancestorTitles":["Story 7A.2: subscription-plans config","getPaystackPlanCode"],"fullName":"Story 7A.2: subscription-plans config getPaystackPlanCode returns null for Free plan (no env var)","status":"passed","title":"returns null for Free plan (no env var)","duration":0.05608300000000099,"failureMessages":[],"meta":{}},{"ancestorTitles":["Story 7A.2: subscription-plans config","getPaystackPlanCode"],"fullName":"Story 7A.2: subscription-plans config getPaystackPlanCode returns env value for Starter when env var is set","status":"passed","title":"returns env value for Starter when env var is set","duration":0.046041999999999916,"failureMessages":[],"meta":{}},{"ancestorTitles":["Story 7A.2: subscription-plans config","getPaystackPlanCode"],"fullName":"Story 7A.2: subscription-plans config getPaystackPlanCode returns null when env var is not set","status":"passed","title":"returns null when env var is not set","duration":0.03204199999998991,"failureMessages":[],"meta":{}},{"ancestorTitles":["Story 7A.2: subscription-plans config","getPlanByPaystackCode"],"fullName":"Story 7A.2: subscription-plans config getPlanByPaystackCode returns plan config when code matches","status":"passed","title":"returns plan config when code matches","duration":0.054707999999990875,"failureMessages":[],"meta":{}},{"ancestorTitles":["Story 7A.2: subscription-plans config","getPlanByPaystackCode"],"fullName":"Story 7A.2: subscription-plans config getPlanByPaystackCode returns undefined for unknown code","status":"passed","title":"returns undefined for unknown code","duration":0.02558299999999747,"failureMessages":[],"meta":{}},{"ancestorTitles":["Story 7A.2: subscription-plans config","all plans have required entitlement keys"],"fullName":"Story 7A.2: subscription-plans config all plans have required entitlement keys free has all entitlement keys","status":"passed","title":"free has all entitlement keys","duration":0.1962079999999986,"failureMessages":[],"meta":{}},{"ancestorTitles":["Story 7A.2: subscription-plans config","all plans have required entitlement keys"],"fullName":"Story 7A.2: subscription-plans config all plans have required entitlement keys starter has all entitlement keys","status":"passed","title":"starter has all entitlement keys","duration":0.09316700000000822,"failureMessages":[],"meta":{}},{"ancestorTitles":["Story 7A.2: subscription-plans config","all plans have required entitlement keys"],"fullName":"Story 7A.2: subscription-plans config all plans have required entitlement keys pro has all entitlement keys","status":"passed","title":"pro has all entitlement keys","duration":0.08658300000000452,"failureMessages":[],"meta":{}}],"startTime":1775982331597,"endTime":1775982331608.1963,"status":"passed","message":"","name":"/Users/fabricendri/Developer/SnapSell/src/lib/subscription-plans.test.ts"},{"assertionResults":[{"ancestorTitles":["login input schema"],"fullName":"login input schema accepts valid email and password","status":"passed","title":"accepts valid email and password","duration":1.0657920000000018,"failureMessages":[],"meta":{}},{"ancestorTitles":["login input schema"],"fullName":"login input schema rejects invalid email","status":"passed","title":"rejects invalid email","duration":0.5359160000000003,"failureMessages":[],"meta":{}},{"ancestorTitles":["login input schema"],"fullName":"login input schema rejects empty password","status":"passed","title":"rejects empty password","duration":0.3037920000000014,"failureMessages":[],"meta":{}},{"ancestorTitles":["getLoginValidationErrors"],"fullName":"getLoginValidationErrors returns null for valid input","status":"passed","title":"returns null for valid input","duration":0.23154199999999747,"failureMessages":[],"meta":{}},{"ancestorTitles":["getLoginValidationErrors"],"fullName":"getLoginValidationErrors returns field errors for invalid input","status":"passed","title":"returns field errors for invalid input","duration":0.16987499999999045,"failureMessages":[],"meta":{}}],"startTime":1775982332473,"endTime":1775982332476.2314,"status":"passed","message":"","name":"/Users/fabricendri/Developer/SnapSell/src/lib/validations/login.test.ts"},{"assertionResults":[{"ancestorTitles":["e164PhoneSchema"],"fullName":"e164PhoneSchema accepts valid E.164 numbers","status":"passed","title":"accepts valid E.164 numbers","duration":0.8277499999999947,"failureMessages":[],"meta":{}},{"ancestorTitles":["e164PhoneSchema"],"fullName":"e164PhoneSchema rejects empty string","status":"passed","title":"rejects empty string","duration":0.4963339999999974,"failureMessages":[],"meta":{}},{"ancestorTitles":["e164PhoneSchema"],"fullName":"e164PhoneSchema rejects invalid format (no +)","status":"passed","title":"rejects invalid format (no +)","duration":0.30349999999999966,"failureMessages":[],"meta":{}},{"ancestorTitles":["e164PhoneSchema"],"fullName":"e164PhoneSchema rejects invalid format (letters)","status":"passed","title":"rejects invalid format (letters)","duration":0.2120829999999998,"failureMessages":[],"meta":{}},{"ancestorTitles":["e164PhoneSchema"],"fullName":"e164PhoneSchema normalizes and validates incoming numbers (with/without whatsapp prefix)","status":"passed","title":"normalizes and validates incoming numbers (with/without whatsapp prefix)","duration":0.15754100000000193,"failureMessages":[],"meta":{}}],"startTime":1775982332610,"endTime":1775982332612.1575,"status":"passed","message":"","name":"/Users/fabricendri/Developer/SnapSell/src/lib/validations/phone.test.ts"},{"assertionResults":[{"ancestorTitles":["sellerVariantConfig - parseVariantConfigText"],"fullName":"sellerVariantConfig - parseVariantConfigText should parse single dimension variants (e.g. Size)","status":"passed","title":"should parse single dimension variants (e.g. Size)","duration":1.0962920000000054,"failureMessages":[],"meta":{}},{"ancestorTitles":["sellerVariantConfig - parseVariantConfigText"],"fullName":"sellerVariantConfig - parseVariantConfigText should parse multi-dimension variants (e.g. Color/Size)","status":"passed","title":"should parse multi-dimension variants (e.g. Color/Size)","duration":0.2980000000000018,"failureMessages":[],"meta":{}},{"ancestorTitles":["sellerVariantConfig - parseVariantConfigText"],"fullName":"sellerVariantConfig - parseVariantConfigText should handle messy spaces and casing","status":"passed","title":"should handle messy spaces and casing","duration":0.19512500000001864,"failureMessages":[],"meta":{}},{"ancestorTitles":["sellerVariantConfig - parseVariantConfigText"],"fullName":"sellerVariantConfig - parseVariantConfigText should return null for invalid formats","status":"passed","title":"should return null for invalid formats","duration":0.20100000000002183,"failureMessages":[],"meta":{}}],"startTime":1775982332625,"endTime":1775982332626.298,"status":"passed","message":"","name":"/Users/fabricendri/Developer/SnapSell/src/server/conversation/sellerVariantConfig.test.ts"},{"assertionResults":[{"ancestorTitles":["findOrCreateOrderableItemByCode"],"fullName":"findOrCreateOrderableItemByCode returns existing item without creating","status":"passed","title":"returns existing item without creating","duration":0.8785000000000309,"failureMessages":[],"meta":{}},{"ancestorTitles":["findOrCreateOrderableItemByCode"],"fullName":"findOrCreateOrderableItemByCode creates item when code absent with qty 1, prix grille, createdInLive true","status":"failed","title":"creates item when code absent with qty 1, prix grille, createdInLive true","duration":3.4786659999999756,"failureMessages":["AssertionError: expected \"vi.fn()\" to be called with arguments: [ { data: { …(8) } } ]\n\nReceived: \n\n  1st vi.fn() call:\n\n@@ -8,7 +8,14 @@\n        \"origin\": \"live\",\n        \"quantity\": 1,\n        \"reservedQty\": 0,\n        \"tenantId\": \"tenant-1\",\n      },\n+     \"include\": {\n+       \"variants\": {\n+         \"select\": {\n+           \"id\": true,\n+         },\n+       },\n+     },\n    },\n  ]\n\n\nNumber of calls: 1\n\n    at Proxy.<anonymous> (file:///Users/fabricendri/Developer/SnapSell/node_modules/@vitest/expect/dist/index.js:1420:10)\n    at Proxy.<anonymous> (file:///Users/fabricendri/Developer/SnapSell/node_modules/@vitest/expect/dist/index.js:1090:14)\n    at Proxy.methodWrapper (file:///Users/fabricendri/Developer/SnapSell/node_modules/chai/index.js:1700:25)\n    at /Users/fabricendri/Developer/SnapSell/src/server/catalogue/findOrCreateOrderableItemByCode.test.ts:70:24\n    at processTicksAndRejections (node:internal/process/task_queues:105:5)\n    at file:///Users/fabricendri/Developer/SnapSell/node_modules/@vitest/runner/dist/index.js:915:20"],"meta":{}},{"ancestorTitles":["findOrCreateOrderableItemByCode"],"fullName":"findOrCreateOrderableItemByCode returns null for invalid code (empty)","status":"passed","title":"returns null for invalid code (empty)","duration":0.1288340000000403,"failureMessages":[],"meta":{}},{"ancestorTitles":["findOrCreateOrderableItemByCode"],"fullName":"findOrCreateOrderableItemByCode returns null for code with no price in grid (letter not configured)","status":"passed","title":"returns null for code with no price in grid (letter not configured)","duration":0.13479200000000446,"failureMessages":[],"meta":{}},{"ancestorTitles":["findOrCreateOrderableItemByCode"],"fullName":"findOrCreateOrderableItemByCode handles race condition (P2002) by retrying lookup","status":"passed","title":"handles race condition (P2002) by retrying lookup","duration":0.3105419999999981,"failureMessages":[],"meta":{}},{"ancestorTitles":["findOrCreateOrderableItemByCode"],"fullName":"findOrCreateOrderableItemByCode normalizes code before processing","status":"failed","title":"normalizes code before processing","duration":0.6623749999999973,"failureMessages":["AssertionError: expected \"vi.fn()\" to be called with arguments: [ { where: { …(1) } } ]\n\nReceived: \n\n  1st vi.fn() call:\n\n@@ -1,7 +1,14 @@\n  [\n    {\n+     \"include\": {\n+       \"variants\": {\n+         \"select\": {\n+           \"id\": true,\n+         },\n+       },\n+     },\n      \"where\": {\n        \"tenantId_code\": {\n          \"code\": \"A12\",\n          \"tenantId\": \"tenant-1\",\n        },\n\n\nNumber of calls: 1\n\n    at Proxy.<anonymous> (file:///Users/fabricendri/Developer/SnapSell/node_modules/@vitest/expect/dist/index.js:1420:10)\n    at Proxy.<anonymous> (file:///Users/fabricendri/Developer/SnapSell/node_modules/@vitest/expect/dist/index.js:1090:14)\n    at Proxy.methodWrapper (file:///Users/fabricendri/Developer/SnapSell/node_modules/chai/index.js:1700:25)\n    at /Users/fabricendri/Developer/SnapSell/src/server/catalogue/findOrCreateOrderableItemByCode.test.ts:128:28\n    at processTicksAndRejections (node:internal/process/task_queues:105:5)\n    at file:///Users/fabricendri/Developer/SnapSell/node_modules/@vitest/runner/dist/index.js:915:20"],"meta":{}},{"ancestorTitles":["findOrCreateOrderableItemByCode"],"fullName":"findOrCreateOrderableItemByCode propagates non-P2002 errors","status":"passed","title":"propagates non-P2002 errors","duration":0.5978330000000369,"failureMessages":[],"meta":{}}],"startTime":1775982331207,"endTime":1775982331213.598,"status":"failed","message":"","name":"/Users/fabricendri/Developer/SnapSell/src/server/catalogue/findOrCreateOrderableItemByCode.test.ts"},{"assertionResults":[{"ancestorTitles":["findOrderableItemByCode"],"fullName":"findOrderableItemByCode returns item when code exists in catalogue","status":"failed","title":"returns item when code exists in catalogue","duration":2.6383749999999964,"failureMessages":["TypeError: Cannot read properties of undefined (reading 'length')\n    at Module.findOrderableItemByCode (/Users/fabricendri/Developer/SnapSell/src/server/catalogue/findOrderableItemByCode.ts:61:32)\n    at processTicksAndRejections (node:internal/process/task_queues:105:5)\n    at /Users/fabricendri/Developer/SnapSell/src/server/catalogue/findOrderableItemByCode.test.ts:40:20\n    at file:///Users/fabricendri/Developer/SnapSell/node_modules/@vitest/runner/dist/index.js:915:20"],"meta":{}},{"ancestorTitles":["findOrderableItemByCode"],"fullName":"findOrderableItemByCode returns null when code is absent from catalogue","status":"passed","title":"returns null when code is absent from catalogue","duration":0.32049999999998136,"failureMessages":[],"meta":{}},{"ancestorTitles":["findOrderableItemByCode"],"fullName":"findOrderableItemByCode returns null for empty code","status":"passed","title":"returns null for empty code","duration":0.21054199999997536,"failureMessages":[],"meta":{}},{"ancestorTitles":["findOrderableItemByCode"],"fullName":"findOrderableItemByCode returns null for whitespace-only code","status":"passed","title":"returns null for whitespace-only code","duration":0.16329099999995833,"failureMessages":[],"meta":{}},{"ancestorTitles":["findOrderableItemByCode"],"fullName":"findOrderableItemByCode normalizes code (trim + uppercase) before lookup","status":"failed","title":"normalizes code (trim + uppercase) before lookup","duration":0.22350000000000136,"failureMessages":["TypeError: Cannot read properties of undefined (reading 'length')\n    at Module.findOrderableItemByCode (/Users/fabricendri/Developer/SnapSell/src/server/catalogue/findOrderableItemByCode.ts:61:32)\n    at processTicksAndRejections (node:internal/process/task_queues:105:5)\n    at /Users/fabricendri/Developer/SnapSell/src/server/catalogue/findOrderableItemByCode.test.ts:81:5\n    at file:///Users/fabricendri/Developer/SnapSell/node_modules/@vitest/runner/dist/index.js:915:20"],"meta":{}}],"startTime":1775982331208,"endTime":1775982331212.2234,"status":"failed","message":"","name":"/Users/fabricendri/Developer/SnapSell/src/server/catalogue/findOrderableItemByCode.test.ts"},{"assertionResults":[{"ancestorTitles":["promoteSessionToCatalogue"],"fullName":"promoteSessionToCatalogue should create catalogue item from LiveItem with remaining stock","status":"failed","title":"should create catalogue item from LiveItem with remaining stock","duration":4.24087499999996,"failureMessages":["AssertionError: expected \"vi.fn()\" to be called with arguments: [ { data: { …(8) } } ]\n\nReceived: \n\n  1st vi.fn() call:\n\n@@ -4,10 +4,11 @@\n        \"amount\": 1000,\n        \"availableQty\": 3,\n        \"code\": \"A1\",\n        \"createdInLive\": true,\n        \"mediaStorageKey\": null,\n+       \"origin\": \"live\",\n        \"quantity\": 3,\n        \"reservedQty\": 0,\n        \"tenantId\": \"test-tenant-promote\",\n      },\n    },\n\n\nNumber of calls: 1\n\n    at Proxy.<anonymous> (file:///Users/fabricendri/Developer/SnapSell/node_modules/@vitest/expect/dist/index.js:1420:10)\n    at Proxy.<anonymous> (file:///Users/fabricendri/Developer/SnapSell/node_modules/@vitest/expect/dist/index.js:1090:14)\n    at Proxy.methodWrapper (file:///Users/fabricendri/Developer/SnapSell/node_modules/chai/index.js:1700:25)\n    at /Users/fabricendri/Developer/SnapSell/src/server/catalogue/promoteSessionToCatalogue.test.ts:64:37\n    at processTicksAndRejections (node:internal/process/task_queues:105:5)\n    at file:///Users/fabricendri/Developer/SnapSell/node_modules/@vitest/runner/dist/index.js:915:20"],"meta":{}},{"ancestorTitles":["promoteSessionToCatalogue"],"fullName":"promoteSessionToCatalogue should update catalogue item if code already exists (add quantities)","status":"passed","title":"should update catalogue item if code already exists (add quantities)","duration":0.6342500000000086,"failureMessages":[],"meta":{}},{"ancestorTitles":["promoteSessionToCatalogue"],"fullName":"promoteSessionToCatalogue should skip LiveItem with no remaining stock","status":"passed","title":"should skip LiveItem with no remaining stock","duration":0.20825000000002092,"failureMessages":[],"meta":{}},{"ancestorTitles":["promoteSessionToCatalogue"],"fullName":"promoteSessionToCatalogue should process multiple LiveItems (mix of create/update/skip)","status":"passed","title":"should process multiple LiveItems (mix of create/update/skip)","duration":0.1849170000000413,"failureMessages":[],"meta":{}},{"ancestorTitles":["promoteSessionToCatalogue"],"fullName":"promoteSessionToCatalogue should handle items with media storage key","status":"failed","title":"should handle items with media storage key","duration":0.724708000000021,"failureMessages":["AssertionError: expected \"vi.fn()\" to be called with arguments: [ { data: { …(8) } } ]\n\nReceived: \n\n  1st vi.fn() call:\n\n@@ -4,10 +4,11 @@\n        \"amount\": 3000,\n        \"availableQty\": 2,\n        \"code\": \"F1\",\n        \"createdInLive\": true,\n        \"mediaStorageKey\": \"test-image-key.jpg\",\n+       \"origin\": \"live\",\n        \"quantity\": 2,\n        \"reservedQty\": 0,\n        \"tenantId\": \"test-tenant-promote\",\n      },\n    },\n\n\nNumber of calls: 1\n\n    at Proxy.<anonymous> (file:///Users/fabricendri/Developer/SnapSell/node_modules/@vitest/expect/dist/index.js:1420:10)\n    at Proxy.<anonymous> (file:///Users/fabricendri/Developer/SnapSell/node_modules/@vitest/expect/dist/index.js:1090:14)\n    at Proxy.methodWrapper (file:///Users/fabricendri/Developer/SnapSell/node_modules/chai/index.js:1700:25)\n    at /Users/fabricendri/Developer/SnapSell/src/server/catalogue/promoteSessionToCatalogue.test.ts:210:37\n    at processTicksAndRejections (node:internal/process/task_queues:105:5)\n    at file:///Users/fabricendri/Developer/SnapSell/node_modules/@vitest/runner/dist/index.js:915:20"],"meta":{}},{"ancestorTitles":["promoteSessionToCatalogue"],"fullName":"promoteSessionToCatalogue should handle P2002 race condition (create fails, retry update succeeds)","status":"passed","title":"should handle P2002 race condition (create fails, retry update succeeds)","duration":0.24629200000003948,"failureMessages":[],"meta":{}}],"startTime":1775982331159,"endTime":1775982331165.7246,"status":"failed","message":"","name":"/Users/fabricendri/Developer/SnapSell/src/server/catalogue/promoteSessionToCatalogue.test.ts"},{"assertionResults":[{"ancestorTitles":["upsertCatalogueItemFromWebhook"],"fullName":"upsertCatalogueItemFromWebhook should create new catalogue item outside live with createdInLive=false","status":"passed","title":"should create new catalogue item outside live with createdInLive=false","duration":1.4537089999999893,"failureMessages":[],"meta":{}},{"ancestorTitles":["upsertCatalogueItemFromWebhook"],"fullName":"upsertCatalogueItemFromWebhook should create new catalogue item during live with createdInLive=true","status":"passed","title":"should create new catalogue item during live with createdInLive=true","duration":0.3921670000000006,"failureMessages":[],"meta":{}},{"ancestorTitles":["upsertCatalogueItemFromWebhook"],"fullName":"upsertCatalogueItemFromWebhook should update existing catalogue item by adding quantities","status":"passed","title":"should update existing catalogue item by adding quantities","duration":0.20104100000000358,"failureMessages":[],"meta":{}},{"ancestorTitles":["upsertCatalogueItemFromWebhook"],"fullName":"upsertCatalogueItemFromWebhook should return failure if code is invalid (empty after normalization)","status":"passed","title":"should return failure if code is invalid (empty after normalization)","duration":0.27508399999999256,"failureMessages":[],"meta":{}},{"ancestorTitles":["upsertCatalogueItemFromWebhook"],"fullName":"upsertCatalogueItemFromWebhook should return failure if no price configured for category","status":"passed","title":"should return failure if no price configured for category","duration":0.12775000000000603,"failureMessages":[],"meta":{}},{"ancestorTitles":["upsertCatalogueItemFromWebhook"],"fullName":"upsertCatalogueItemFromWebhook should handle race condition (P2002) by retrying update","status":"passed","title":"should handle race condition (P2002) by retrying update","duration":0.1696669999999898,"failureMessages":[],"meta":{}},{"ancestorTitles":["upsertCatalogueItemFromWebhook"],"fullName":"upsertCatalogueItemFromWebhook should normalize code before upserting","status":"passed","title":"should normalize code before upserting","duration":0.12666699999999764,"failureMessages":[],"meta":{}}],"startTime":1775982332306,"endTime":1775982332309.1267,"status":"passed","message":"","name":"/Users/fabricendri/Developer/SnapSell/src/server/catalogue/upsertCatalogueItemFromWebhook.test.ts"},{"assertionResults":[{"ancestorTitles":["live-session service","getOrCreateCurrentSession"],"fullName":"live-session service getOrCreateCurrentSession should return existing session and update last_activity_at when active session in window","status":"passed","title":"should return existing session and update last_activity_at when active session in window","duration":1.8272079999999988,"failureMessages":[],"meta":{}},{"ancestorTitles":["live-session service","getOrCreateCurrentSession"],"fullName":"live-session service getOrCreateCurrentSession should create new session when no active session in window","status":"passed","title":"should create new session when no active session in window","duration":0.23066599999999937,"failureMessages":[],"meta":{}},{"ancestorTitles":["live-session service","getOrCreateCurrentSession"],"fullName":"live-session service getOrCreateCurrentSession should on concurrent create (P2002) retry and return the session created by the other","status":"passed","title":"should on concurrent create (P2002) retry and return the session created by the other","duration":0.5009579999999971,"failureMessages":[],"meta":{}},{"ancestorTitles":["live-session service","updateLastActivity"],"fullName":"live-session service updateLastActivity should update last_activity_at for given session","status":"passed","title":"should update last_activity_at for given session","duration":0.2207080000000019,"failureMessages":[],"meta":{}}],"startTime":1775982332467,"endTime":1775982332469.501,"status":"passed","message":"","name":"/Users/fabricendri/Developer/SnapSell/src/server/live-session/service.test.ts"},{"assertionResults":[{"ancestorTitles":["eventLog","logEvent"],"fullName":"eventLog logEvent should write event to event_log with all required fields","status":"passed","title":"should write event to event_log with all required fields","duration":2.0372500000000002,"failureMessages":[],"meta":{}},{"ancestorTitles":["eventLog","logEvent"],"fullName":"eventLog logEvent should handle null entityId correctly","status":"passed","title":"should handle null entityId correctly","duration":0.5674999999999955,"failureMessages":[],"meta":{}},{"ancestorTitles":["eventLog","logEvent"],"fullName":"eventLog logEvent should reject payload with sensitive data (phone number)","status":"passed","title":"should reject payload with sensitive data (phone number)","duration":0.6338750000000033,"failureMessages":[],"meta":{}},{"ancestorTitles":["eventLog","logEvent"],"fullName":"eventLog logEvent should reject payload with sensitive data (email)","status":"passed","title":"should reject payload with sensitive data (email)","duration":0.23337499999999523,"failureMessages":[],"meta":{}},{"ancestorTitles":["eventLog","logEvent"],"fullName":"eventLog logEvent should accept payload with only IDs and metadata","status":"passed","title":"should accept payload with only IDs and metadata","duration":0.1725409999999954,"failureMessages":[],"meta":{}},{"ancestorTitles":["eventLog","logEvent"],"fullName":"eventLog logEvent should accept payload with IDs containing 8+ digits (not phone numbers)","status":"passed","title":"should accept payload with IDs containing 8+ digits (not phone numbers)","duration":0.07687500000000114,"failureMessages":[],"meta":{}},{"ancestorTitles":["eventLog","logEvent"],"fullName":"eventLog logEvent should re-throw database errors","status":"passed","title":"should re-throw database errors","duration":0.24695800000000645,"failureMessages":[],"meta":{}},{"ancestorTitles":["eventLog","logWebhookReceived"],"fullName":"eventLog logWebhookReceived should log webhook_received event with correct payload","status":"passed","title":"should log webhook_received event with correct payload","duration":0.12408399999999631,"failureMessages":[],"meta":{}},{"ancestorTitles":["eventLog","logMessageSent"],"fullName":"eventLog logMessageSent should log message_sent event with correct payload","status":"passed","title":"should log message_sent event with correct payload","duration":0.2374579999999895,"failureMessages":[],"meta":{}},{"ancestorTitles":["eventLog","logMessageSent"],"fullName":"eventLog logMessageSent should handle undefined messageOutId","status":"passed","title":"should handle undefined messageOutId","duration":0.15500000000000114,"failureMessages":[],"meta":{}},{"ancestorTitles":["eventLog","logIdempotentIgnored"],"fullName":"eventLog logIdempotentIgnored should log idempotent_ignored event when tenantId is provided","status":"passed","title":"should log idempotent_ignored event when tenantId is provided","duration":0.1372080000000011,"failureMessages":[],"meta":{}},{"ancestorTitles":["eventLog","logIdempotentIgnored"],"fullName":"eventLog logIdempotentIgnored should not log event when tenantId is null","status":"passed","title":"should not log event when tenantId is null","duration":0.057124999999999204,"failureMessages":[],"meta":{}},{"ancestorTitles":["eventLog","logLiveSessionCreated"],"fullName":"eventLog logLiveSessionCreated should log live_session_created event with session id","status":"passed","title":"should log live_session_created event with session id","duration":0.08429200000000492,"failureMessages":[],"meta":{}},{"ancestorTitles":["eventLog","logLiveSessionClosed"],"fullName":"eventLog logLiveSessionClosed should log live_session_closed event with session id","status":"passed","title":"should log live_session_closed event with session id","duration":0.10341699999999321,"failureMessages":[],"meta":{}},{"ancestorTitles":["eventLog","logLiveItemCreated"],"fullName":"eventLog logLiveItemCreated should log live_item_created event with item id and payload","status":"passed","title":"should log live_item_created event with item id and payload","duration":0.21116600000000574,"failureMessages":[],"meta":{}},{"ancestorTitles":["eventLog","logLiveItemCreated"],"fullName":"eventLog logLiveItemCreated should log live_item_created with actorType client when option passed (Story 3.3)","status":"passed","title":"should log live_item_created with actorType client when option passed (Story 3.3)","duration":0.06987499999999613,"failureMessages":[],"meta":{}},{"ancestorTitles":["eventLog","logLiveItemCreated"],"fullName":"eventLog logLiveItemCreated Story 3.4: should log live_item_created with quantity, available_qty, has_media in payload","status":"passed","title":"Story 3.4: should log live_item_created with quantity, available_qty, has_media in payload","duration":0.0713750000000033,"failureMessages":[],"meta":{}},{"ancestorTitles":["eventLog","logLiveItemDuplicateRejected"],"fullName":"eventLog logLiveItemDuplicateRejected should log live_item_duplicate_rejected event with code","status":"passed","title":"should log live_item_duplicate_rejected event with code","duration":0.06112500000000409,"failureMessages":[],"meta":{}},{"ancestorTitles":["eventLog","logLiveItemPhotoLinked (Story 3.5)"],"fullName":"eventLog logLiveItemPhotoLinked (Story 3.5) should log live_item_photo_linked event with live_item_id, code, source","status":"passed","title":"should log live_item_photo_linked event with live_item_id, code, source","duration":0.06045899999999449,"failureMessages":[],"meta":{}},{"ancestorTitles":["eventLog","logReservationStarted (Story 4.1)"],"fullName":"eventLog logReservationStarted (Story 4.1) should log reservation_started event with reservation_id and optional payload","status":"passed","title":"should log reservation_started event with reservation_id and optional payload","duration":0.06766700000000014,"failureMessages":[],"meta":{}},{"ancestorTitles":["eventLog","logOrderStatusChanged (Story 5.2)"],"fullName":"eventLog logOrderStatusChanged (Story 5.2) should log order.status_changed event with from and to status","status":"passed","title":"should log order.status_changed event with from and to status","duration":0.06091700000000344,"failureMessages":[],"meta":{}}],"startTime":1775982331908,"endTime":1775982331914.0713,"status":"passed","message":"","name":"/Users/fabricendri/Developer/SnapSell/src/server/events/eventLog.test.ts"},{"assertionResults":[{"ancestorTitles":["live-item createLiveItem","normalizeCode"],"fullName":"live-item createLiveItem normalizeCode trim + uppercase","status":"passed","title":"trim + uppercase","duration":0.7036250000000024,"failureMessages":[],"meta":{}},{"ancestorTitles":["live-item createLiveItem","messageCodeAlreadyUsed"],"fullName":"live-item createLiveItem messageCodeAlreadyUsed includes code for MODIF","status":"passed","title":"includes code for MODIF","duration":0.1424999999999983,"failureMessages":[],"meta":{}},{"ancestorTitles":["live-item createLiveItem","createLiveItem"],"fullName":"live-item createLiveItem createLiveItem creates item and returns success; updates last_activity_at","status":"passed","title":"creates item and returns success; updates last_activity_at","duration":0.9951250000000016,"failureMessages":[],"meta":{}},{"ancestorTitles":["live-item createLiveItem","createLiveItem"],"fullName":"live-item createLiveItem createLiveItem uses quantity from options","status":"passed","title":"uses quantity from options","duration":0.37699999999999534,"failureMessages":[],"meta":{}},{"ancestorTitles":["live-item createLiveItem","createLiveItem"],"fullName":"live-item createLiveItem createLiveItem Story 3.4: vendeur A12 x5 → LiveItem with availableQty 5, reservedQty 0","status":"passed","title":"Story 3.4: vendeur A12 x5 → LiveItem with availableQty 5, reservedQty 0","duration":0.25058399999998926,"failureMessages":[],"meta":{}},{"ancestorTitles":["live-item createLiveItem","createLiveItem"],"fullName":"live-item createLiveItem createLiveItem returns duplicate when unique constraint violated (P2002)","status":"passed","title":"returns duplicate when unique constraint violated (P2002)","duration":0.1942499999999967,"failureMessages":[],"meta":{}},{"ancestorTitles":["live-item createLiveItem","createLiveItem"],"fullName":"live-item createLiveItem createLiveItem returns invalid_code for empty or whitespace code","status":"passed","title":"returns invalid_code for empty or whitespace code","duration":0.11304200000000719,"failureMessages":[],"meta":{}},{"ancestorTitles":["live-item createLiveItem","createLiveItem"],"fullName":"live-item createLiveItem createLiveItem same code in another session allowed (different sessionId)","status":"passed","title":"same code in another session allowed (different sessionId)","duration":0.14166600000000074,"failureMessages":[],"meta":{}}],"startTime":1775982332235,"endTime":1775982332238.1416,"status":"passed","message":"","name":"/Users/fabricendri/Developer/SnapSell/src/server/live-item/createLiveItem.test.ts"},{"assertionResults":[{"ancestorTitles":["findLiveItemByCode (Story 4.2)"],"fullName":"findLiveItemByCode (Story 4.2) retourne null si aucun LiveItem pour (tenantId, liveSessionId, code)","status":"passed","title":"retourne null si aucun LiveItem pour (tenantId, liveSessionId, code)","duration":1.2567499999999967,"failureMessages":[],"meta":{}},{"ancestorTitles":["findLiveItemByCode (Story 4.2)"],"fullName":"findLiveItemByCode (Story 4.2) retourne l'item si existant (lookup seul, pas de création)","status":"passed","title":"retourne l'item si existant (lookup seul, pas de création)","duration":0.33883400000000563,"failureMessages":[],"meta":{}},{"ancestorTitles":["findLiveItemByCode (Story 4.2)"],"fullName":"findLiveItemByCode (Story 4.2) normalise le code (trim + uppercase) pour le lookup","status":"passed","title":"normalise le code (trim + uppercase) pour le lookup","duration":0.2949169999999981,"failureMessages":[],"meta":{}},{"ancestorTitles":["findLiveItemByCode (Story 4.2)"],"fullName":"findLiveItemByCode (Story 4.2) retourne null si code vide après normalisation","status":"passed","title":"retourne null si code vide après normalisation","duration":0.22308400000000006,"failureMessages":[],"meta":{}},{"ancestorTitles":["findLiveItemByCode (Story 4.2)"],"fullName":"findLiveItemByCode (Story 4.2) propage l'erreur si db.liveItem.findFirst lève (ex. timeout)","status":"passed","title":"propage l'erreur si db.liveItem.findFirst lève (ex. timeout)","duration":0.7240419999999972,"failureMessages":[],"meta":{}}],"startTime":1775982332399,"endTime":1775982332402.724,"status":"passed","message":"","name":"/Users/fabricendri/Developer/SnapSell/src/server/live-item/findLiveItemByCode.test.ts"},{"assertionResults":[{"ancestorTitles":["getLastEditedLiveItemInWindow (Story 3.5)"],"fullName":"getLastEditedLiveItemInWindow (Story 3.5) returns last LiveItem in window when one exists","status":"passed","title":"returns last LiveItem in window when one exists","duration":1.362791999999999,"failureMessages":[],"meta":{}},{"ancestorTitles":["getLastEditedLiveItemInWindow (Story 3.5)"],"fullName":"getLastEditedLiveItemInWindow (Story 3.5) returns null when no item in window","status":"passed","title":"returns null when no item in window","duration":0.16716699999999918,"failureMessages":[],"meta":{}}],"startTime":1775982332610,"endTime":1775982332612.1672,"status":"passed","message":"","name":"/Users/fabricendri/Developer/SnapSell/src/server/live-item/getLastEditedLiveItemInWindow.test.ts"},{"assertionResults":[{"ancestorTitles":["reservation (Story 3.6)","reserveUnits"],"fullName":"reservation (Story 3.6) reserveUnits succeeds when (availableQty - reservedQty) >= quantity","status":"passed","title":"succeeds when (availableQty - reservedQty) >= quantity","duration":1.9394169999999917,"failureMessages":[],"meta":{}},{"ancestorTitles":["reservation (Story 3.6)","reserveUnits"],"fullName":"reservation (Story 3.6) reserveUnits fails with exhausted when no free unit (available 1, reserved 1)","status":"passed","title":"fails with exhausted when no free unit (available 1, reserved 1)","duration":0.16866600000000176,"failureMessages":[],"meta":{}},{"ancestorTitles":["reservation (Story 3.6)","reserveUnits"],"fullName":"reservation (Story 3.6) reserveUnits fails with exhausted when not enough units (available 2, reserved 1, requested 2)","status":"passed","title":"fails with exhausted when not enough units (available 2, reserved 1, requested 2)","duration":0.23004199999999742,"failureMessages":[],"meta":{}},{"ancestorTitles":["reservation (Story 3.6)","reserveUnits"],"fullName":"reservation (Story 3.6) reserveUnits fails with not_found when item does not exist","status":"passed","title":"fails with not_found when item does not exist","duration":0.30383299999999736,"failureMessages":[],"meta":{}},{"ancestorTitles":["reservation (Story 3.6)","releaseReservation"],"fullName":"reservation (Story 3.6) releaseReservation succeeds and decrements reservedQty only","status":"passed","title":"succeeds and decrements reservedQty only","duration":0.28770900000000665,"failureMessages":[],"meta":{}},{"ancestorTitles":["reservation (Story 3.6)","releaseReservation"],"fullName":"reservation (Story 3.6) releaseReservation fails with no_reservation when reservedQty is 0","status":"passed","title":"fails with no_reservation when reservedQty is 0","duration":0.07545900000000927,"failureMessages":[],"meta":{}},{"ancestorTitles":["reservation (Story 3.6)","releaseReservation"],"fullName":"reservation (Story 3.6) releaseReservation fails with not_found when item does not exist","status":"passed","title":"fails with not_found when item does not exist","duration":0.09004199999999685,"failureMessages":[],"meta":{}},{"ancestorTitles":["reservation (Story 3.6)","confirmReservation"],"fullName":"reservation (Story 3.6) confirmReservation succeeds after a reservation (reservedQty and availableQty decremented)","status":"passed","title":"succeeds after a reservation (reservedQty and availableQty decremented)","duration":0.1799170000000032,"failureMessages":[],"meta":{}},{"ancestorTitles":["reservation (Story 3.6)","confirmReservation"],"fullName":"reservation (Story 3.6) confirmReservation fails with no_reservation when reservedQty is 0","status":"passed","title":"fails with no_reservation when reservedQty is 0","duration":0.1599999999999966,"failureMessages":[],"meta":{}},{"ancestorTitles":["reservation (Story 3.6)","confirmReservation"],"fullName":"reservation (Story 3.6) confirmReservation fails with not_found when item does not exist","status":"passed","title":"fails with not_found when item does not exist","duration":0.08216699999999832,"failureMessages":[],"meta":{}},{"ancestorTitles":["reservation (Story 3.6)","confirmReservation"],"fullName":"reservation (Story 3.6) confirmReservation returns concurrency when available_qty would go negative (one confirmation wins)","status":"passed","title":"returns concurrency when available_qty would go negative (one confirmation wins)","duration":0.1027079999999927,"failureMessages":[],"meta":{}}],"startTime":1775982332091,"endTime":1775982332094.18,"status":"passed","message":"","name":"/Users/fabricendri/Developer/SnapSell/src/server/live-item/reservation.test.ts"},{"assertionResults":[{"ancestorTitles":["resolveOrCreateLiveItem (Story 3.3)"],"fullName":"resolveOrCreateLiveItem (Story 3.3) client envoie code A12, aucun item en session → crée un LiveItem A12, quantity 1, amount grille","status":"passed","title":"client envoie code A12, aucun item en session → crée un LiveItem A12, quantity 1, amount grille","duration":1.5447500000000076,"failureMessages":[],"meta":{}},{"ancestorTitles":["resolveOrCreateLiveItem (Story 3.3)"],"fullName":"resolveOrCreateLiveItem (Story 3.3) client envoie A12 une deuxième fois (item déjà créé) → pas de second item, même item réutilisé","status":"passed","title":"client envoie A12 une deuxième fois (item déjà créé) → pas de second item, même item réutilisé","duration":0.2639999999999958,"failureMessages":[],"meta":{}},{"ancestorTitles":["resolveOrCreateLiveItem (Story 3.3)"],"fullName":"resolveOrCreateLiveItem (Story 3.3) deux messages client même code (race P2002) → un seul item créé, read-after-conflict retourne l’existant","status":"passed","title":"deux messages client même code (race P2002) → un seul item créé, read-after-conflict retourne l’existant","duration":0.4100830000000002,"failureMessages":[],"meta":{}},{"ancestorTitles":["resolveOrCreateLiveItem (Story 3.3)"],"fullName":"resolveOrCreateLiveItem (Story 3.3) normalise le code (trim + uppercase)","status":"passed","title":"normalise le code (trim + uppercase)","duration":0.3346659999999986,"failureMessages":[],"meta":{}},{"ancestorTitles":["resolveOrCreateLiveItem (Story 3.3)"],"fullName":"resolveOrCreateLiveItem (Story 3.3) throw si code vide après normalisation","status":"passed","title":"throw si code vide après normalisation","duration":0.5642909999999972,"failureMessages":[],"meta":{}}],"startTime":1775982332254,"endTime":1775982332256.5642,"status":"passed","message":"","name":"/Users/fabricendri/Developer/SnapSell/src/server/live-item/resolveOrCreateLiveItem.test.ts"},{"assertionResults":[{"ancestorTitles":["Story 7A.2: Paystack service","verifyWebhookSignature"],"fullName":"Story 7A.2: Paystack service verifyWebhookSignature returns true for valid HMAC SHA-512 signature","status":"passed","title":"returns true for valid HMAC SHA-512 signature","duration":0.9437500000000014,"failureMessages":[],"meta":{}},{"ancestorTitles":["Story 7A.2: Paystack service","verifyWebhookSignature"],"fullName":"Story 7A.2: Paystack service verifyWebhookSignature returns false for invalid signature","status":"passed","title":"returns false for invalid signature","duration":0.13829199999999986,"failureMessages":[],"meta":{}},{"ancestorTitles":["Story 7A.2: Paystack service","verifyWebhookSignature"],"fullName":"Story 7A.2: Paystack service verifyWebhookSignature returns false for tampered body","status":"passed","title":"returns false for tampered body","duration":0.2002080000000035,"failureMessages":[],"meta":{}},{"ancestorTitles":["Story 7A.2: Paystack service","verifyWebhookSignature"],"fullName":"Story 7A.2: Paystack service verifyWebhookSignature throws when PAYSTACK_SECRET_KEY is not set","status":"passed","title":"throws when PAYSTACK_SECRET_KEY is not set","duration":0.42037499999999994,"failureMessages":[],"meta":{}},{"ancestorTitles":["Story 7A.2: Paystack service","initializeTransaction"],"fullName":"Story 7A.2: Paystack service initializeTransaction calls Paystack API with correct params and returns response","status":"passed","title":"calls Paystack API with correct params and returns response","duration":8.263292000000007,"failureMessages":[],"meta":{}},{"ancestorTitles":["Story 7A.2: Paystack service","initializeTransaction"],"fullName":"Story 7A.2: Paystack service initializeTransaction throws on non-OK response","status":"passed","title":"throws on non-OK response","duration":0.3184169999999966,"failureMessages":[],"meta":{}},{"ancestorTitles":["Story 7A.2: Paystack service","getSubscription"],"fullName":"Story 7A.2: Paystack service getSubscription fetches subscription by code","status":"passed","title":"fetches subscription by code","duration":0.33070800000000133,"failureMessages":[],"meta":{}},{"ancestorTitles":["Story 7A.2: Paystack service","disableSubscription"],"fullName":"Story 7A.2: Paystack service disableSubscription sends disable request with code and token","status":"passed","title":"sends disable request with code and token","duration":0.16966600000000653,"failureMessages":[],"meta":{}},{"ancestorTitles":["Story 7A.2: Paystack service","generateManageLink"],"fullName":"Story 7A.2: Paystack service generateManageLink returns manage link for subscription","status":"passed","title":"returns manage link for subscription","duration":0.23912500000000136,"failureMessages":[],"meta":{}},{"ancestorTitles":["Story 7A.2: Paystack service","chargeAuthorization"],"fullName":"Story 7A.2: Paystack service chargeAuthorization charges stored card with authorization code","status":"passed","title":"charges stored card with authorization code","duration":0.16458400000000495,"failureMessages":[],"meta":{}},{"ancestorTitles":["Story 7A.2: Paystack service","chargeAuthorization"],"fullName":"Story 7A.2: Paystack service chargeAuthorization throws on Paystack error","status":"passed","title":"throws on Paystack error","duration":0.21912500000000534,"failureMessages":[],"meta":{}}],"startTime":1775982331561,"endTime":1775982331572.239,"status":"passed","message":"","name":"/Users/fabricendri/Developer/SnapSell/src/server/payment/paystack.test.ts"},{"assertionResults":[{"ancestorTitles":["optout","checkOptOut"],"fullName":"optout checkOptOut should return true when OptOut exists for (tenantId, phoneNumber)","status":"failed","title":"should return true when OptOut exists for (tenantId, phoneNumber)","duration":2.0267499999999927,"failureMessages":["TypeError: __vite_ssr_import_0__.db.optOut.findFirst is not a function\n    at Module.checkOptOut (/Users/fabricendri/Developer/SnapSell/src/server/messaging/optout.ts:29:33)\n    at /Users/fabricendri/Developer/SnapSell/src/server/messaging/optout.test.ts:32:28\n    at file:///Users/fabricendri/Developer/SnapSell/node_modules/@vitest/runner/dist/index.js:145:11\n    at file:///Users/fabricendri/Developer/SnapSell/node_modules/@vitest/runner/dist/index.js:915:26\n    at file:///Users/fabricendri/Developer/SnapSell/node_modules/@vitest/runner/dist/index.js:1243:20\n    at new Promise (<anonymous>)\n    at runWithTimeout (file:///Users/fabricendri/Developer/SnapSell/node_modules/@vitest/runner/dist/index.js:1209:10)\n    at file:///Users/fabricendri/Developer/SnapSell/node_modules/@vitest/runner/dist/index.js:1653:37\n    at Traces.$ (file:///Users/fabricendri/Developer/SnapSell/node_modules/vitest/dist/chunks/traces.CCmnQaNT.js:142:27)\n    at trace (file:///Users/fabricendri/Developer/SnapSell/node_modules/vitest/dist/chunks/test.B8ej_ZHS.js:239:21)"],"meta":{}},{"ancestorTitles":["optout","checkOptOut"],"fullName":"optout checkOptOut should return false when OptOut does not exist","status":"failed","title":"should return false when OptOut does not exist","duration":0.3745829999999728,"failureMessages":["TypeError: __vite_ssr_import_0__.db.optOut.findFirst is not a function\n    at Module.checkOptOut (/Users/fabricendri/Developer/SnapSell/src/server/messaging/optout.ts:29:33)\n    at /Users/fabricendri/Developer/SnapSell/src/server/messaging/optout.test.ts:45:28\n    at file:///Users/fabricendri/Developer/SnapSell/node_modules/@vitest/runner/dist/index.js:145:11\n    at file:///Users/fabricendri/Developer/SnapSell/node_modules/@vitest/runner/dist/index.js:915:26\n    at file:///Users/fabricendri/Developer/SnapSell/node_modules/@vitest/runner/dist/index.js:1243:20\n    at new Promise (<anonymous>)\n    at runWithTimeout (file:///Users/fabricendri/Developer/SnapSell/node_modules/@vitest/runner/dist/index.js:1209:10)\n    at file:///Users/fabricendri/Developer/SnapSell/node_modules/@vitest/runner/dist/index.js:1653:37\n    at Traces.$ (file:///Users/fabricendri/Developer/SnapSell/node_modules/vitest/dist/chunks/traces.CCmnQaNT.js:142:27)\n    at trace (file:///Users/fabricendri/Developer/SnapSell/node_modules/vitest/dist/chunks/test.B8ej_ZHS.js:239:21)"],"meta":{}},{"ancestorTitles":["optout","checkOptOut"],"fullName":"optout checkOptOut should normalize phone with whatsapp: prefix before lookup","status":"failed","title":"should normalize phone with whatsapp: prefix before lookup","duration":0.3101670000000354,"failureMessages":["TypeError: __vite_ssr_import_0__.db.optOut.findFirst is not a function\n    at Module.checkOptOut (/Users/fabricendri/Developer/SnapSell/src/server/messaging/optout.ts:29:33)\n    at /Users/fabricendri/Developer/SnapSell/src/server/messaging/optout.test.ts:58:13\n    at file:///Users/fabricendri/Developer/SnapSell/node_modules/@vitest/runner/dist/index.js:145:11\n    at file:///Users/fabricendri/Developer/SnapSell/node_modules/@vitest/runner/dist/index.js:915:26\n    at file:///Users/fabricendri/Developer/SnapSell/node_modules/@vitest/runner/dist/index.js:1243:20\n    at new Promise (<anonymous>)\n    at runWithTimeout (file:///Users/fabricendri/Developer/SnapSell/node_modules/@vitest/runner/dist/index.js:1209:10)\n    at file:///Users/fabricendri/Developer/SnapSell/node_modules/@vitest/runner/dist/index.js:1653:37\n    at Traces.$ (file:///Users/fabricendri/Developer/SnapSell/node_modules/vitest/dist/chunks/traces.CCmnQaNT.js:142:27)\n    at trace (file:///Users/fabricendri/Developer/SnapSell/node_modules/vitest/dist/chunks/test.B8ej_ZHS.js:239:21)"],"meta":{}}],"startTime":1775982331148,"endTime":1775982331150.3745,"status":"failed","message":"","name":"/Users/fabricendri/Developer/SnapSell/src/server/messaging/optout.test.ts"},{"assertionResults":[{"ancestorTitles":["writeToOutbox"],"fullName":"writeToOutbox should write MessageOut with status pending","status":"failed","title":"should write MessageOut with status pending","duration":4.714125000000024,"failureMessages":["AssertionError: expected \"vi.fn()\" to be called with arguments: [ Array(1) ]\n\nReceived: \n\n  1st vi.fn() call:\n\n@@ -1,12 +1,15 @@\n  [\n    {\n      \"data\": {\n        \"attempts\": 0,\n-       \"body\": \"Hello World\",\n+       \"body\": \"Hello World\n+\n+ _undefined_\",\n        \"correlationId\": \"corr-123\",\n        \"interactivePayload\": undefined,\n+       \"isTypingIndicator\": false,\n        \"mediaUrl\": null,\n        \"status\": \"pending\",\n        \"tenantId\": \"tenant-123\",\n        \"to\": \"+33612345678\",\n      },\n\n\nNumber of calls: 1\n\n    at Proxy.<anonymous> (file:///Users/fabricendri/Developer/SnapSell/node_modules/@vitest/expect/dist/index.js:1420:10)\n    at Proxy.<anonymous> (file:///Users/fabricendri/Developer/SnapSell/node_modules/@vitest/expect/dist/index.js:1090:14)\n    at Proxy.methodWrapper (file:///Users/fabricendri/Developer/SnapSell/node_modules/chai/index.js:1700:25)\n    at /Users/fabricendri/Developer/SnapSell/src/server/messaging/outbox.test.ts:70:34\n    at processTicksAndRejections (node:internal/process/task_queues:105:5)\n    at file:///Users/fabricendri/Developer/SnapSell/node_modules/@vitest/runner/dist/index.js:915:20"],"meta":{}},{"ancestorTitles":["writeToOutbox"],"fullName":"writeToOutbox Story 9.4: should persist mediaUrl when provided","status":"failed","title":"Story 9.4: should persist mediaUrl when provided","duration":3.7199999999999704,"failureMessages":["AssertionError: expected \"vi.fn()\" to be called with arguments: [ Array(1) ]\n\nReceived: \n\n  1st vi.fn() call:\n\n@@ -1,12 +1,15 @@\n  [\n    {\n      \"data\": {\n        \"attempts\": 0,\n-       \"body\": \"Récap\",\n+       \"body\": \"Récap\n+\n+ _undefined_\",\n        \"correlationId\": \"corr-media\",\n        \"interactivePayload\": undefined,\n+       \"isTypingIndicator\": false,\n        \"mediaUrl\": \"tenants/t1/catalogue-items/ci1/photo\",\n        \"status\": \"pending\",\n        \"tenantId\": \"tenant-123\",\n        \"to\": \"+33612345678\",\n      },\n\n\nNumber of calls: 1\n\n    at Proxy.<anonymous> (file:///Users/fabricendri/Developer/SnapSell/node_modules/@vitest/expect/dist/index.js:1420:10)\n    at Proxy.<anonymous> (file:///Users/fabricendri/Developer/SnapSell/node_modules/@vitest/expect/dist/index.js:1090:14)\n    at Proxy.methodWrapper (file:///Users/fabricendri/Developer/SnapSell/node_modules/chai/index.js:1700:25)\n    at /Users/fabricendri/Developer/SnapSell/src/server/messaging/outbox.test.ts:135:34\n    at processTicksAndRejections (node:internal/process/task_queues:105:5)\n    at file:///Users/fabricendri/Developer/SnapSell/node_modules/@vitest/runner/dist/index.js:915:20"],"meta":{}},{"ancestorTitles":["writeToOutbox"],"fullName":"writeToOutbox should validate message with Zod","status":"passed","title":"should validate message with Zod","duration":1.427250000000015,"failureMessages":[],"meta":{}},{"ancestorTitles":["writeToOutbox"],"fullName":"writeToOutbox AC6: should succeed even if boss.send() fails (MessageOut remains pending)","status":"passed","title":"AC6: should succeed even if boss.send() fails (MessageOut remains pending)","duration":0.28941700000001447,"failureMessages":[],"meta":{}},{"ancestorTitles":["writeToOutbox"],"fullName":"writeToOutbox should throw error if DB create fails","status":"passed","title":"should throw error if DB create fails","duration":0.3203330000000051,"failureMessages":[],"meta":{}},{"ancestorTitles":["writeToOutbox"],"fullName":"writeToOutbox preserves CI WhatsApp recipient without implicit migration","status":"passed","title":"preserves CI WhatsApp recipient without implicit migration","duration":0.3525839999999789,"failureMessages":[],"meta":{}}],"startTime":1775982331182,"endTime":1775982331193.3525,"status":"failed","message":"","name":"/Users/fabricendri/Developer/SnapSell/src/server/messaging/outbox.test.ts"},{"assertionResults":[{"ancestorTitles":["Story TECH: Transaction globale confirmation → création Order","createOrderFromReservation"],"fullName":"Story TECH: Transaction globale confirmation → création Order createOrderFromReservation when order already exists for reservation, returns existing order (idempotence)","status":"passed","title":"when order already exists for reservation, returns existing order (idempotence)","duration":1.191166999999993,"failureMessages":[],"meta":{}},{"ancestorTitles":["Story TECH: Transaction globale confirmation → création Order","createOrderFromReservation"],"fullName":"Story TECH: Transaction globale confirmation → création Order createOrderFromReservation when requireDeposit is false, creates Order with status confirmed and depositStatus no_deposit","status":"passed","title":"when requireDeposit is false, creates Order with status confirmed and depositStatus no_deposit","duration":1.5278749999999945,"failureMessages":[],"meta":{}},{"ancestorTitles":["Story TECH: Transaction globale confirmation → création Order","createOrderFromReservation"],"fullName":"Story TECH: Transaction globale confirmation → création Order createOrderFromReservation when requireDeposit is true, creates Order confirmed_pending_deposit, depositExpiresAt set, sends deposit message and logs deposit_requested","status":"passed","title":"when requireDeposit is true, creates Order confirmed_pending_deposit, depositExpiresAt set, sends deposit message and logs deposit_requested","duration":0.3723329999999976,"failureMessages":[],"meta":{}},{"ancestorTitles":["Story TECH: Transaction globale confirmation → création Order","createOrderFromReservation"],"fullName":"Story TECH: Transaction globale confirmation → création Order createOrderFromReservation returns reservation_not_found when reservation does not exist or not address_collected","status":"passed","title":"returns reservation_not_found when reservation does not exist or not address_collected","duration":0.22841600000000994,"failureMessages":[],"meta":{}},{"ancestorTitles":["Story TECH: Transaction globale confirmation → création Order","createOrderFromReservation"],"fullName":"Story TECH: Transaction globale confirmation → création Order createOrderFromReservation returns confirm_failed when confirmReservation fails","status":"passed","title":"returns confirm_failed when confirmReservation fails","duration":0.14420800000002032,"failureMessages":[],"meta":{}},{"ancestorTitles":["Story TECH: Transaction globale confirmation → création Order","createOrderFromReservation"],"fullName":"Story TECH: Transaction globale confirmation → création Order createOrderFromReservation when create throws P2002 on reservation_id (concurrent order), returns existing order (idempotence)","status":"passed","title":"when create throws P2002 on reservation_id (concurrent order), returns existing order (idempotence)","duration":0.19695899999999256,"failureMessages":[],"meta":{}},{"ancestorTitles":["Story TECH: Transaction globale confirmation → création Order","createOrderFromReservation"],"fullName":"Story TECH: Transaction globale confirmation → création Order createOrderFromReservation AC#1: when order.create fails (non-P2002), stock is NOT decremented — error propagates, no Order created","status":"passed","title":"AC#1: when order.create fails (non-P2002), stock is NOT decremented — error propagates, no Order created","duration":0.5030830000000037,"failureMessages":[],"meta":{}},{"ancestorTitles":["Story TECH: Transaction globale confirmation → création Order","createOrderFromReservation"],"fullName":"Story TECH: Transaction globale confirmation → création Order createOrderFromReservation AC#1: when reservation.update fails inside transaction, everything is rolled back","status":"passed","title":"AC#1: when reservation.update fails inside transaction, everything is rolled back","duration":0.15083300000000577,"failureMessages":[],"meta":{}},{"ancestorTitles":["Story TECH: Transaction globale confirmation → création Order","createOrderFromReservation"],"fullName":"Story TECH: Transaction globale confirmation → création Order createOrderFromReservation AC#3: confirmReservation receives the global transaction client (tx)","status":"passed","title":"AC#3: confirmReservation receives the global transaction client (tx)","duration":0.19020899999998164,"failureMessages":[],"meta":{}},{"ancestorTitles":["Story TECH: Transaction globale confirmation → création Order","createOrderFromReservation"],"fullName":"Story TECH: Transaction globale confirmation → création Order createOrderFromReservation getNextOrderNumber uses tx.order.count inside the transaction (not db.order.count)","status":"passed","title":"getNextOrderNumber uses tx.order.count inside the transaction (not db.order.count)","duration":0.21737499999997567,"failureMessages":[],"meta":{}},{"ancestorTitles":["Story TECH: Transaction globale confirmation → création Order","createOrderFromReservation"],"fullName":"Story TECH: Transaction globale confirmation → création Order createOrderFromReservation event log and outbox are called AFTER transaction (post-transaction, non-critical)","status":"passed","title":"event log and outbox are called AFTER transaction (post-transaction, non-critical)","duration":0.26200000000000045,"failureMessages":[],"meta":{}},{"ancestorTitles":["Story TECH: Transaction globale confirmation → création Order","createOrderFromReservation"],"fullName":"Story TECH: Transaction globale confirmation → création Order createOrderFromReservation when confirmReservation throws CONCURRENCY_ROLLBACK via tx, returns confirm_failed (transaction rolled back)","status":"passed","title":"when confirmReservation throws CONCURRENCY_ROLLBACK via tx, returns confirm_failed (transaction rolled back)","duration":0.10525000000001228,"failureMessages":[],"meta":{}},{"ancestorTitles":["Story TECH: Transaction globale confirmation → création Order","createOrderFromReservation"],"fullName":"Story TECH: Transaction globale confirmation → création Order createOrderFromReservation when order.create throws P2002 on order_number, retries full transaction and succeeds","status":"passed","title":"when order.create throws P2002 on order_number, retries full transaction and succeeds","duration":0.12216699999999037,"failureMessages":[],"meta":{}}],"startTime":1775982331978,"endTime":1775982331983.262,"status":"passed","message":"","name":"/Users/fabricendri/Developer/SnapSell/src/server/order/createOrderFromReservation.test.ts"},{"assertionResults":[{"ancestorTitles":["r2-signed-url"],"fullName":"r2-signed-url should return signed URL when R2 is configured and generation succeeds","status":"passed","title":"should return signed URL when R2 is configured and generation succeeds","duration":1.7137500000000045,"failureMessages":[],"meta":{}},{"ancestorTitles":["r2-signed-url"],"fullName":"r2-signed-url should return null when R2 is not configured","status":"passed","title":"should return null when R2 is not configured","duration":0.20324999999999704,"failureMessages":[],"meta":{}},{"ancestorTitles":["r2-signed-url"],"fullName":"r2-signed-url should return null and log error when SDK throws","status":"passed","title":"should return null and log error when SDK throws","duration":0.3177090000000007,"failureMessages":[],"meta":{}}],"startTime":1775982332540,"endTime":1775982332542.3176,"status":"passed","message":"","name":"/Users/fabricendri/Developer/SnapSell/src/server/media/r2-signed-url.test.ts"},{"assertionResults":[{"ancestorTitles":["uploadMediaToCatalogueItem"],"fullName":"uploadMediaToCatalogueItem should upload media to R2 and update CatalogueItem.mediaStorageKey","status":"passed","title":"should upload media to R2 and update CatalogueItem.mediaStorageKey","duration":6.245958000000002,"failureMessages":[],"meta":{}},{"ancestorTitles":["uploadMediaToCatalogueItem"],"fullName":"uploadMediaToCatalogueItem should return early (no-op) when R2 is not configured","status":"passed","title":"should return early (no-op) when R2 is not configured","duration":0.37487499999998875,"failureMessages":[],"meta":{}},{"ancestorTitles":["uploadMediaToCatalogueItem"],"fullName":"uploadMediaToCatalogueItem should throw when fetch fails (non-ok response)","status":"passed","title":"should throw when fetch fails (non-ok response)","duration":0.6137080000000026,"failureMessages":[],"meta":{}},{"ancestorTitles":["uploadMediaToCatalogueItem"],"fullName":"uploadMediaToCatalogueItem should throw when R2 upload fails","status":"passed","title":"should throw when R2 upload fails","duration":0.36120799999999065,"failureMessages":[],"meta":{}},{"ancestorTitles":["uploadMediaToCatalogueItem"],"fullName":"uploadMediaToCatalogueItem should return early for invalid mediaUrl","status":"passed","title":"should return early for invalid mediaUrl","duration":0.16433299999999917,"failureMessages":[],"meta":{}},{"ancestorTitles":["uploadMediaToCatalogueItem"],"fullName":"uploadMediaToCatalogueItem should skip upload for unsupported content-type (L2 fix)","status":"passed","title":"should skip upload for unsupported content-type (L2 fix)","duration":0.2206249999999983,"failureMessages":[],"meta":{}},{"ancestorTitles":["uploadMediaToCatalogueItem"],"fullName":"uploadMediaToCatalogueItem should skip upload when media is too large (L3 fix, >10 Mo)","status":"passed","title":"should skip upload when media is too large (L3 fix, >10 Mo)","duration":0.1306250000000091,"failureMessages":[],"meta":{}},{"ancestorTitles":["uploadMediaToCatalogueItem"],"fullName":"uploadMediaToCatalogueItem should no longer accept application/octet-stream (L2 fix)","status":"passed","title":"should no longer accept application/octet-stream (L2 fix)","duration":0.13220799999999144,"failureMessages":[],"meta":{}},{"ancestorTitles":["uploadMediaToCatalogueItem"],"fullName":"uploadMediaToCatalogueItem should wrap errors with try/catch and re-throw (M2 fix)","status":"passed","title":"should wrap errors with try/catch and re-throw (M2 fix)","duration":0.4006249999999909,"failureMessages":[],"meta":{}}],"startTime":1775982331726,"endTime":1775982331735.4006,"status":"passed","message":"","name":"/Users/fabricendri/Developer/SnapSell/src/server/media/uploadMediaToCatalogueItem.test.ts"},{"assertionResults":[{"ancestorTitles":["uploadMediaAndLinkToLiveItem (Story 3.4)"],"fullName":"uploadMediaAndLinkToLiveItem (Story 3.4) returns early without calling db or fetch when R2 is not configured","status":"passed","title":"returns early without calling db or fetch when R2 is not configured","duration":0.7527499999999918,"failureMessages":[],"meta":{}},{"ancestorTitles":["uploadMediaAndLinkToLiveItem (Story 3.4)"],"fullName":"uploadMediaAndLinkToLiveItem (Story 3.4) returns early when mediaUrl is invalid (no fetch) when R2 is configured","status":"passed","title":"returns early when mediaUrl is invalid (no fetch) when R2 is configured","duration":0.21804199999999696,"failureMessages":[],"meta":{}}],"startTime":1775982332730,"endTime":1775982332731.218,"status":"passed","message":"","name":"/Users/fabricendri/Developer/SnapSell/src/server/media/uploadMediaToLiveItem.test.ts"},{"assertionResults":[{"ancestorTitles":["getPriceFromCode"],"fullName":"getPriceFromCode returns amount for code A12 when tenant has A=5000","status":"passed","title":"returns amount for code A12 when tenant has A=5000","duration":1.0925000000000011,"failureMessages":[],"meta":{}},{"ancestorTitles":["getPriceFromCode"],"fullName":"getPriceFromCode returns amount for code B7 when tenant has B=10000","status":"passed","title":"returns amount for code B7 when tenant has B=10000","duration":0.31887499999999847,"failureMessages":[],"meta":{}},{"ancestorTitles":["getPriceFromCode"],"fullName":"getPriceFromCode returns null when category not in grid","status":"passed","title":"returns null when category not in grid","duration":5.285458999999996,"failureMessages":[],"meta":{}},{"ancestorTitles":["getPriceFromCode"],"fullName":"getPriceFromCode returns null for empty/invalid code","status":"passed","title":"returns null for empty/invalid code","duration":0.2566670000000002,"failureMessages":[],"meta":{}},{"ancestorTitles":["getPriceFromCode"],"fullName":"getPriceFromCode returns null for empty or whitespace tenantId without calling DB","status":"passed","title":"returns null for empty or whitespace tenantId without calling DB","duration":0.15116600000000346,"failureMessages":[],"meta":{}},{"ancestorTitles":["getPriceFromCode"],"fullName":"getPriceFromCode resolves AB12 to category AB when grid has A and AB (longest match)","status":"passed","title":"resolves AB12 to category AB when grid has A and AB (longest match)","duration":0.20345899999999517,"failureMessages":[],"meta":{}},{"ancestorTitles":["getPriceFromCode"],"fullName":"getPriceFromCode resolves Premium1 to category Premium when grid has Premium","status":"passed","title":"resolves Premium1 to category Premium when grid has Premium","duration":0.17087500000000944,"failureMessages":[],"meta":{}},{"ancestorTitles":["getPriceFromCode"],"fullName":"getPriceFromCode A99 returns price of A when grid has A and AB","status":"passed","title":"A99 returns price of A when grid has A and AB","duration":0.11404199999999776,"failureMessages":[],"meta":{}},{"ancestorTitles":["getPriceFromCode"],"fullName":"getPriceFromCode returns null when code A1 and grid has only AB (no category A)","status":"passed","title":"returns null when code A1 and grid has only AB (no category A)","duration":0.1859579999999994,"failureMessages":[],"meta":{}},{"ancestorTitles":["getPriceFromCode"],"fullName":"getPriceFromCode AB or AB1 resolves to AB when grid has only AB","status":"passed","title":"AB or AB1 resolves to AB when grid has only AB","duration":0.12624999999999886,"failureMessages":[],"meta":{}},{"ancestorTitles":["getPriceFromCode"],"fullName":"getPriceFromCode returns null when tenant has no categories (empty grid)","status":"passed","title":"returns null when tenant has no categories (empty grid)","duration":0.04291600000000528,"failureMessages":[],"meta":{}}],"startTime":1775982331742,"endTime":1775982331750.186,"status":"passed","message":"","name":"/Users/fabricendri/Developer/SnapSell/src/server/pricing/getPriceFromCode.test.ts"},{"assertionResults":[{"ancestorTitles":["createPaymentProof"],"fullName":"createPaymentProof throws ProofsQuotaExceededError when proofs quota exceeded","status":"passed","title":"throws ProofsQuotaExceededError when proofs quota exceeded","duration":0.9396249999999995,"failureMessages":[],"meta":{}},{"ancestorTitles":["createPaymentProof"],"fullName":"createPaymentProof returns null when order not found","status":"passed","title":"returns null when order not found","duration":0.17774999999999608,"failureMessages":[],"meta":{}},{"ancestorTitles":["createPaymentProof"],"fullName":"createPaymentProof returns null when order is not in deposit_pending","status":"passed","title":"returns null when order is not in deposit_pending","duration":0.08375000000000199,"failureMessages":[],"meta":{}},{"ancestorTitles":["createPaymentProof"],"fullName":"createPaymentProof returns null when payload has neither mediaStorageKey nor textPayload","status":"passed","title":"returns null when payload has neither mediaStorageKey nor textPayload","duration":0.271250000000002,"failureMessages":[],"meta":{}},{"ancestorTitles":["createPaymentProof"],"fullName":"createPaymentProof creates proof with textPayload and returns id","status":"passed","title":"creates proof with textPayload and returns id","duration":0.8560000000000016,"failureMessages":[],"meta":{}},{"ancestorTitles":["createPaymentProof"],"fullName":"createPaymentProof creates proof with mediaStorageKey and returns id","status":"passed","title":"creates proof with mediaStorageKey and returns id","duration":0.24841699999999634,"failureMessages":[],"meta":{}},{"ancestorTitles":["createPaymentProof"],"fullName":"createPaymentProof creates proof with both textPayload and mediaStorageKey","status":"passed","title":"creates proof with both textPayload and mediaStorageKey","duration":0.17875000000000085,"failureMessages":[],"meta":{}}],"startTime":1775982332307,"endTime":1775982332310.1787,"status":"passed","message":"","name":"/Users/fabricendri/Developer/SnapSell/src/server/proof/createPaymentProof.test.ts"},{"assertionResults":[{"ancestorTitles":["addToWaitlist (Story 4.3 + 9.1)"],"fullName":"addToWaitlist (Story 4.3 + 9.1) returns existing position when same client+item+session already in waitlist (idempotence)","status":"passed","title":"returns existing position when same client+item+session already in waitlist (idempotence)","duration":0.8368340000000103,"failureMessages":[],"meta":{}},{"ancestorTitles":["addToWaitlist (Story 4.3 + 9.1)"],"fullName":"addToWaitlist (Story 4.3 + 9.1) inserts with position = max+1 under transaction when not in waitlist","status":"passed","title":"inserts with position = max+1 under transaction when not in waitlist","duration":0.651457999999991,"failureMessages":[],"meta":{}},{"ancestorTitles":["addToWaitlist (Story 4.3 + 9.1)"],"fullName":"addToWaitlist (Story 4.3 + 9.1) returns not_found when live_item does not exist","status":"passed","title":"returns not_found when live_item does not exist","duration":0.25329200000000185,"failureMessages":[],"meta":{}},{"ancestorTitles":["addToWaitlist (Story 4.3 + 9.1)"],"fullName":"addToWaitlist (Story 4.3 + 9.1) Story 9.1: inserts with catalogueItemId and null liveItemId/liveSessionId for catalogue items","status":"passed","title":"Story 9.1: inserts with catalogueItemId and null liveItemId/liveSessionId for catalogue items","duration":0.3458749999999924,"failureMessages":[],"meta":{}},{"ancestorTitles":["addToWaitlist (Story 4.3 + 9.1)"],"fullName":"addToWaitlist (Story 4.3 + 9.1) Story 9.1: returns not_found when catalogue item does not exist","status":"passed","title":"Story 9.1: returns not_found when catalogue item does not exist","duration":0.12779199999999946,"failureMessages":[],"meta":{}},{"ancestorTitles":["addToWaitlist (Story 4.3 + 9.1)"],"fullName":"addToWaitlist (Story 4.3 + 9.1) Story 9.1: idempotence for catalogue — returns existing position when already in waitlist","status":"passed","title":"Story 9.1: idempotence for catalogue — returns existing position when already in waitlist","duration":0.07095800000000452,"failureMessages":[],"meta":{}},{"ancestorTitles":["addToWaitlist (Story 4.3 + 9.1)"],"fullName":"addToWaitlist (Story 4.3 + 9.1) on P2002 (race), returns existing position (idempotence)","status":"passed","title":"on P2002 (race), returns existing position (idempotence)","duration":0.15758300000000247,"failureMessages":[],"meta":{}}],"startTime":1775982332340,"endTime":1775982332342.346,"status":"passed","message":"","name":"/Users/fabricendri/Developer/SnapSell/src/server/waitlist/addToWaitlist.test.ts"},{"assertionResults":[{"ancestorTitles":["reservation/service (Story 4.1)","createReservation"],"fullName":"reservation/service (Story 4.1) createReservation returns already_reserved when active reservation exists for same client+item+session","status":"passed","title":"returns already_reserved when active reservation exists for same client+item+session","duration":1.2525420000000054,"failureMessages":[],"meta":{}},{"ancestorTitles":["reservation/service (Story 4.1)","createReservation"],"fullName":"reservation/service (Story 4.1) createReservation returns exhausted when reserveUnits returns exhausted","status":"passed","title":"returns exhausted when reserveUnits returns exhausted","duration":0.227958000000001,"failureMessages":[],"meta":{}},{"ancestorTitles":["reservation/service (Story 4.1)","createReservation"],"fullName":"reservation/service (Story 4.1) createReservation creates reservation and logs reservation_started on success","status":"failed","title":"creates reservation and logs reservation_started on success","duration":5.0327499999999645,"failureMessages":["AssertionError: expected { Object (success, reservation) } to deeply equal { reservation: { id: 'res-1', …(1) } }\n    at /Users/fabricendri/Developer/SnapSell/src/server/reservation/service.test.ts:118:22\n    at processTicksAndRejections (node:internal/process/task_queues:105:5)\n    at file:///Users/fabricendri/Developer/SnapSell/node_modules/@vitest/runner/dist/index.js:915:20"],"meta":{}},{"ancestorTitles":["reservation/service (Story 4.1)","createReservation"],"fullName":"reservation/service (Story 4.1) createReservation Story 4.5: when tenant requireDeposit is false, expiresAt = now + TTL soft (5 min)","status":"passed","title":"Story 4.5: when tenant requireDeposit is false, expiresAt = now + TTL soft (5 min)","duration":1.330916000000002,"failureMessages":[],"meta":{}},{"ancestorTitles":["reservation/service (Story 4.1)","createReservation"],"fullName":"reservation/service (Story 4.1) createReservation Story 4.5: when tenant requireDeposit is true, expiresAt = now + TTL locked (12 min)","status":"passed","title":"Story 4.5: when tenant requireDeposit is true, expiresAt = now + TTL locked (12 min)","duration":0.3741250000000491,"failureMessages":[],"meta":{}},{"ancestorTitles":["reservation/service (Story 4.1)","createReservation"],"fullName":"reservation/service (Story 4.1) createReservation on P2002 (race), calls releaseReservation and returns already_reserved","status":"passed","title":"on P2002 (race), calls releaseReservation and returns already_reserved","duration":0.6198749999999791,"failureMessages":[],"meta":{}},{"ancestorTitles":["reservation/service (Story 4.1)","getActiveReservationForClient"],"fullName":"reservation/service (Story 4.1) getActiveReservationForClient returns first active reservation (reserved or address_collected) for client","status":"passed","title":"returns first active reservation (reserved or address_collected) for client","duration":0.234958000000006,"failureMessages":[],"meta":{}},{"ancestorTitles":["reservation/service (Story 4.1)","getActiveReservationForClient"],"fullName":"reservation/service (Story 4.1) getActiveReservationForClient filters by liveItemId when provided","status":"passed","title":"filters by liveItemId when provided","duration":0.1144170000000031,"failureMessages":[],"meta":{}},{"ancestorTitles":["reservation/service (Story 4.1)","collectAddress"],"fullName":"reservation/service (Story 4.1) collectAddress returns no_reservation when no reserved reservation for client","status":"passed","title":"returns no_reservation when no reserved reservation for client","duration":0.24912499999999227,"failureMessages":[],"meta":{}},{"ancestorTitles":["reservation/service (Story 4.1)","collectAddress"],"fullName":"reservation/service (Story 4.1) collectAddress returns no_reservation when address text is empty after trim","status":"passed","title":"returns no_reservation when address text is empty after trim","duration":0.09025000000002592,"failureMessages":[],"meta":{}},{"ancestorTitles":["reservation/service (Story 4.1)","collectAddress"],"fullName":"reservation/service (Story 4.1) collectAddress updates reservation with address and status address_collected, returns item for récap","status":"failed","title":"updates reservation with address and status address_collected, returns item for récap","duration":0.9577499999999759,"failureMessages":["AssertionError: expected { Object (success, reservation) } to deeply equal { Object (success, reservation) }\n    at /Users/fabricendri/Developer/SnapSell/src/server/reservation/service.test.ts:321:22\n    at processTicksAndRejections (node:internal/process/task_queues:105:5)\n    at file:///Users/fabricendri/Developer/SnapSell/node_modules/@vitest/runner/dist/index.js:915:20"],"meta":{}},{"ancestorTitles":["reservation/service (Story 4.1)","collectAddress"],"fullNa
[...]
sage when mediaUrl is a PDF (L2)","duration":0.100166999999999,"failureMessages":[],"meta":{}},{"ancestorTitles":["MetaCloudAdapter","send"],"fullName":"MetaCloudAdapter send should return error on HTTP failure from Meta API","status":"passed","title":"should return error on HTTP failure from Meta API","duration":0.08420800000000384,"failureMessages":[],"meta":{}},{"ancestorTitles":["MetaCloudAdapter","send"],"fullName":"MetaCloudAdapter send sends migrated CI recipient directly for Meta delivery","status":"passed","title":"sends migrated CI recipient directly for Meta delivery","duration":0.1006670000000014,"failureMessages":[],"meta":{}},{"ancestorTitles":["MetaCloudAdapter","send"],"fullName":"MetaCloudAdapter send should return error when no messageId in response","status":"passed","title":"should return error when no messageId in response","duration":0.06779099999999971,"failureMessages":[],"meta":{}},{"ancestorTitles":["MetaCloudAdapter","send"],"fullName":"MetaCloudAdapter send should return error on network exception","status":"passed","title":"should return error on network exception","duration":0.08308300000000202,"failureMessages":[],"meta":{}}],"startTime":1775982331515,"endTime":1775982331530.182,"status":"passed","message":"","name":"/Users/fabricendri/Developer/SnapSell/src/server/messaging/providers/meta/adapter.test.ts"},{"assertionResults":[{"ancestorTitles":["metaWebhookMessageSchema"],"fullName":"metaWebhookMessageSchema valide un message text complet","status":"passed","title":"valide un message text complet","duration":1.1259999999999906,"failureMessages":[],"meta":{}},{"ancestorTitles":["metaWebhookMessageSchema"],"fullName":"metaWebhookMessageSchema valide un message image","status":"passed","title":"valide un message image","duration":0.6208750000000123,"failureMessages":[],"meta":{}},{"ancestorTitles":["metaWebhookMessageSchema"],"fullName":"metaWebhookMessageSchema valide un message document avec filename optionnel","status":"passed","title":"valide un message document avec filename optionnel","duration":0.18320799999999338,"failureMessages":[],"meta":{}},{"ancestorTitles":["metaWebhookMessageSchema"],"fullName":"metaWebhookMessageSchema rejette un message sans from","status":"passed","title":"rejette un message sans from","duration":0.3995829999999927,"failureMessages":[],"meta":{}},{"ancestorTitles":["metaWebhookMessageSchema"],"fullName":"metaWebhookMessageSchema rejette un message sans id","status":"passed","title":"rejette un message sans id","duration":0.11012499999999648,"failureMessages":[],"meta":{}},{"ancestorTitles":["metaWebhookSchema"],"fullName":"metaWebhookSchema valide un payload Meta complet avec message text","status":"passed","title":"valide un payload Meta complet avec message text","duration":0.24208300000000804,"failureMessages":[],"meta":{}},{"ancestorTitles":["metaWebhookSchema"],"fullName":"metaWebhookSchema valide un payload status-only (sans messages[])","status":"passed","title":"valide un payload status-only (sans messages[])","duration":0.1742089999999905,"failureMessages":[],"meta":{}},{"ancestorTitles":["metaWebhookSchema"],"fullName":"metaWebhookSchema valide un payload batch multi-messages","status":"passed","title":"valide un payload batch multi-messages","duration":0.37820899999999824,"failureMessages":[],"meta":{}},{"ancestorTitles":["metaWebhookSchema"],"fullName":"metaWebhookSchema rejette un payload avec object invalide","status":"passed","title":"rejette un payload avec object invalide","duration":0.26474999999999227,"failureMessages":[],"meta":{}},{"ancestorTitles":["metaWebhookSchema"],"fullName":"metaWebhookSchema rejette un payload avec field invalide","status":"passed","title":"rejette un payload avec field invalide","duration":0.142083999999997,"failureMessages":[],"meta":{}},{"ancestorTitles":["metaWebhookSchema"],"fullName":"metaWebhookSchema rejette un payload sans messaging_product whatsapp","status":"passed","title":"rejette un payload sans messaging_product whatsapp","duration":0.18195800000000872,"failureMessages":[],"meta":{}},{"ancestorTitles":["metaWebhookSchema"],"fullName":"metaWebhookSchema extrait phone_number_id depuis metadata","status":"passed","title":"extrait phone_number_id depuis metadata","duration":0.08045800000000725,"failureMessages":[],"meta":{}},{"ancestorTitles":["GET /api/webhooks/meta — challenge"],"fullName":"GET /api/webhooks/meta — challenge challenge valide → 200 + retourne hub.challenge","status":"passed","title":"challenge valide → 200 + retourne hub.challenge","duration":43.524833000000015,"failureMessages":[],"meta":{}},{"ancestorTitles":["GET /api/webhooks/meta — challenge"],"fullName":"GET /api/webhooks/meta — challenge token invalide → 403","status":"passed","title":"token invalide → 403","duration":0.994499999999988,"failureMessages":[],"meta":{}},{"ancestorTitles":["GET /api/webhooks/meta — challenge"],"fullName":"GET /api/webhooks/meta — challenge mode invalide → 403","status":"passed","title":"mode invalide → 403","duration":0.2145840000000021,"failureMessages":[],"meta":{}},{"ancestorTitles":["GET /api/webhooks/meta — challenge"],"fullName":"GET /api/webhooks/meta — challenge META_VERIFY_TOKEN absent → 403","status":"passed","title":"META_VERIFY_TOKEN absent → 403","duration":0.2049169999999947,"failureMessages":[],"meta":{}},{"ancestorTitles":["POST /api/webhooks/meta — inbound"],"fullName":"POST /api/webhooks/meta — inbound single message text → 200 + persist + enqueue","status":"passed","title":"single message text → 200 + persist + enqueue","duration":1.5737080000000105,"failureMessages":[],"meta":{}},{"ancestorTitles":["POST /api/webhooks/meta — inbound"],"fullName":"POST /api/webhooks/meta — inbound batch multi-messages → N persist + N enqueue","status":"passed","title":"batch multi-messages → N persist + N enqueue","duration":0.7177920000000029,"failureMessages":[],"meta":{}},{"ancestorTitles":["POST /api/webhooks/meta — inbound"],"fullName":"POST /api/webhooks/meta — inbound tenant non trouve → 200 + persist MessageIn avec tenantId null","status":"passed","title":"tenant non trouve → 200 + persist MessageIn avec tenantId null","duration":0.6296250000000043,"failureMessages":[],"meta":{}},{"ancestorTitles":["POST /api/webhooks/meta — inbound"],"fullName":"POST /api/webhooks/meta — inbound signature invalide → 401","status":"passed","title":"signature invalide → 401","duration":0.24933300000000713,"failureMessages":[],"meta":{}},{"ancestorTitles":["POST /api/webhooks/meta — inbound"],"fullName":"POST /api/webhooks/meta — inbound payload status-only (pas de messages[]) → 200 sans persist","status":"passed","title":"payload status-only (pas de messages[]) → 200 sans persist","duration":0.48166599999998994,"failureMessages":[],"meta":{}},{"ancestorTitles":["POST /api/webhooks/meta — inbound"],"fullName":"POST /api/webhooks/meta — inbound message image → 200 + persist avec mediaUrl","status":"passed","title":"message image → 200 + persist avec mediaUrl","duration":0.5267079999999851,"failureMessages":[],"meta":{}},{"ancestorTitles":["POST /api/webhooks/meta — inbound"],"fullName":"POST /api/webhooks/meta — inbound idempotence — message deja existant → 200 sans doublon","status":"passed","title":"idempotence — message deja existant → 200 sans doublon","duration":0.30970800000000054,"failureMessages":[],"meta":{}}],"startTime":1775982331349,"endTime":1775982331402.5266,"status":"passed","message":"","name":"/Users/fabricendri/Developer/SnapSell/src/app/api/webhooks/meta/route.test.ts"},{"assertionResults":[{"ancestorTitles":["Story 7A.2: Paystack Webhook"],"fullName":"Story 7A.2: Paystack Webhook always returns 200 OK","status":"passed","title":"always returns 200 OK","duration":3.4825830000000053,"failureMessages":[],"meta":{}},{"ancestorTitles":["Story 7A.2: Paystack Webhook"],"fullName":"Story 7A.2: Paystack Webhook returns 200 even with invalid signature","status":"passed","title":"returns 200 even with invalid signature","duration":0.5006669999999929,"failureMessages":[],"meta":{}},{"ancestorTitles":["Story 7A.2: Paystack Webhook","charge.success"],"fullName":"Story 7A.2: Paystack Webhook charge.success creates SubscriptionPayment and updates Tenant entitlements","status":"passed","title":"creates SubscriptionPayment and updates Tenant entitlements","duration":1.722166999999999,"failureMessages":[],"meta":{}},{"ancestorTitles":["Story 7A.2: Paystack Webhook","charge.success"],"fullName":"Story 7A.2: Paystack Webhook charge.success is idempotent — skips if payment already success","status":"passed","title":"is idempotent — skips if payment already success","duration":0.5535830000000033,"failureMessages":[],"meta":{}},{"ancestorTitles":["Story 7A.2: Paystack Webhook","charge.success"],"fullName":"Story 7A.2: Paystack Webhook charge.success skips tenant update if no plan in metadata","status":"passed","title":"skips tenant update if no plan in metadata","duration":0.46716700000000344,"failureMessages":[],"meta":{}},{"ancestorTitles":["Story 7A.2: Paystack Webhook","charge.success"],"fullName":"Story 7A.2: Paystack Webhook charge.success does nothing if no tenantId in metadata","status":"passed","title":"does nothing if no tenantId in metadata","duration":0.2861249999999984,"failureMessages":[],"meta":{}},{"ancestorTitles":["Story 7A.2: Paystack Webhook","subscription.create"],"fullName":"Story 7A.2: Paystack Webhook subscription.create stores subscription codes on Tenant","status":"passed","title":"stores subscription codes on Tenant","duration":0.27550000000000807,"failureMessages":[],"meta":{}},{"ancestorTitles":["Story 7A.2: Paystack Webhook","invoice.payment_failed"],"fullName":"Story 7A.2: Paystack Webhook invoice.payment_failed sets subscription status to attention via tenantId","status":"passed","title":"sets subscription status to attention via tenantId","duration":0.3772909999999996,"failureMessages":[],"meta":{}},{"ancestorTitles":["Story 7A.2: Paystack Webhook","invoice.payment_failed"],"fullName":"Story 7A.2: Paystack Webhook invoice.payment_failed finds tenant by subscription code if no tenantId","status":"passed","title":"finds tenant by subscription code if no tenantId","duration":0.5761669999999981,"failureMessages":[],"meta":{}},{"ancestorTitles":["Story 7A.2: Paystack Webhook","subscription.disable"],"fullName":"Story 7A.2: Paystack Webhook subscription.disable sets status to cancelled","status":"passed","title":"sets status to cancelled","duration":0.2777499999999975,"failureMessages":[],"meta":{}},{"ancestorTitles":["Story 7A.2: Paystack Webhook","subscription.not_renew"],"fullName":"Story 7A.2: Paystack Webhook subscription.not_renew sets status to non_renewing","status":"passed","title":"sets status to non_renewing","duration":0.16483300000000156,"failureMessages":[],"meta":{}}],"startTime":1775982331667,"endTime":1775982331675.5762,"status":"passed","message":"","name":"/Users/fabricendri/Developer/SnapSell/src/app/api/webhooks/paystack/route.test.ts"},{"assertionResults":[{"ancestorTitles":["Story 9.2: API /api/catalogue/[itemId]/photo","POST"],"fullName":"Story 9.2: API /api/catalogue/[itemId]/photo POST returns 401 when not authenticated","status":"passed","title":"returns 401 when not authenticated","duration":2.4633750000000134,"failureMessages":[],"meta":{}},{"ancestorTitles":["Story 9.2: API /api/catalogue/[itemId]/photo","POST"],"fullName":"Story 9.2: API /api/catalogue/[itemId]/photo POST returns 401 when user has no tenantId","status":"passed","title":"returns 401 when user has no tenantId","duration":0.36933299999998326,"failureMessages":[],"meta":{}},{"ancestorTitles":["Story 9.2: API /api/catalogue/[itemId]/photo","POST"],"fullName":"Story 9.2: API /api/catalogue/[itemId]/photo POST returns 503 when R2 is not configured","status":"passed","title":"returns 503 when R2 is not configured","duration":0.4513330000000053,"failureMessages":[],"meta":{}},{"ancestorTitles":["Story 9.2: API /api/catalogue/[itemId]/photo","POST"],"fullName":"Story 9.2: API /api/catalogue/[itemId]/photo POST returns 400 when no file provided","status":"passed","title":"returns 400 when no file provided","duration":1.095166000000006,"failureMessages":[],"meta":{}},{"ancestorTitles":["Story 9.2: API /api/catalogue/[itemId]/photo","POST"],"fullName":"Story 9.2: API /api/catalogue/[itemId]/photo POST returns 400 for invalid file type","status":"passed","title":"returns 400 for invalid file type","duration":2.9498330000000124,"failureMessages":[],"meta":{}},{"ancestorTitles":["Story 9.2: API /api/catalogue/[itemId]/photo","POST"],"fullName":"Story 9.2: API /api/catalogue/[itemId]/photo POST returns 400 for file exceeding 5 MB","status":"passed","title":"returns 400 for file exceeding 5 MB","duration":3.1345000000000027,"failureMessages":[],"meta":{}},{"ancestorTitles":["Story 9.2: API /api/catalogue/[itemId]/photo","POST"],"fullName":"Story 9.2: API /api/catalogue/[itemId]/photo POST returns 404 when item does not exist","status":"passed","title":"returns 404 when item does not exist","duration":0.2809169999999881,"failureMessages":[],"meta":{}},{"ancestorTitles":["Story 9.2: API /api/catalogue/[itemId]/photo","POST"],"fullName":"Story 9.2: API /api/catalogue/[itemId]/photo POST uploads to R2 and updates mediaStorageKey on success","status":"passed","title":"uploads to R2 and updates mediaStorageKey on success","duration":1.105792000000008,"failureMessages":[],"meta":{}},{"ancestorTitles":["Story 9.2: API /api/catalogue/[itemId]/photo","POST"],"fullName":"Story 9.2: API /api/catalogue/[itemId]/photo POST accepts image/jpeg, image/png, image/webp","status":"passed","title":"accepts image/jpeg, image/png, image/webp","duration":1.3283340000000123,"failureMessages":[],"meta":{}},{"ancestorTitles":["Story 9.2: API /api/catalogue/[itemId]/photo","GET"],"fullName":"Story 9.2: API /api/catalogue/[itemId]/photo GET returns 401 when not authenticated","status":"passed","title":"returns 401 when not authenticated","duration":0.15954199999998764,"failureMessages":[],"meta":{}},{"ancestorTitles":["Story 9.2: API /api/catalogue/[itemId]/photo","GET"],"fullName":"Story 9.2: API /api/catalogue/[itemId]/photo GET returns 404 when item has no mediaStorageKey","status":"passed","title":"returns 404 when item has no mediaStorageKey","duration":0.07545799999999758,"failureMessages":[],"meta":{}},{"ancestorTitles":["Story 9.2: API /api/catalogue/[itemId]/photo","GET"],"fullName":"Story 9.2: API /api/catalogue/[itemId]/photo GET returns 404 when item does not exist or wrong tenant","status":"passed","title":"returns 404 when item does not exist or wrong tenant","duration":0.06229199999998514,"failureMessages":[],"meta":{}},{"ancestorTitles":["Story 9.2: API /api/catalogue/[itemId]/photo","GET"],"fullName":"Story 9.2: API /api/catalogue/[itemId]/photo GET returns 503 when R2 not configured","status":"passed","title":"returns 503 when R2 not configured","duration":0.06016699999997854,"failureMessages":[],"meta":{}},{"ancestorTitles":["Story 9.2: API /api/catalogue/[itemId]/photo","GET"],"fullName":"Story 9.2: API /api/catalogue/[itemId]/photo GET serves image from R2 with correct Content-Type","status":"passed","title":"serves image from R2 with correct Content-Type","duration":0.19920799999999872,"failureMessages":[],"meta":{}},{"ancestorTitles":["Story 9.2: API /api/catalogue/[itemId]/photo","DELETE"],"fullName":"Story 9.2: API /api/catalogue/[itemId]/photo DELETE returns 401 when not authenticated","status":"passed","title":"returns 401 when not authenticated","duration":0.09862499999999841,"failureMessages":[],"meta":{}},{"ancestorTitles":["Story 9.2: API /api/catalogue/[itemId]/photo","DELETE"],"fullName":"Story 9.2: API /api/catalogue/[itemId]/photo DELETE returns 404 when item does not exist or wrong tenant","status":"passed","title":"returns 404 when item does not exist or wrong tenant","duration":0.10008399999998119,"failureMessages":[],"meta":{}},{"ancestorTitles":["Story 9.2: API /api/catalogue/[itemId]/photo","DELETE"],"fullName":"Story 9.2: API /api/catalogue/[itemId]/photo DELETE sets mediaStorageKey to null","status":"passed","title":"sets mediaStorageKey to null","duration":0.21999999999999886,"failureMessages":[],"meta":{}}],"startTime":1775982331477,"endTime":1775982331492.22,"status":"passed","message":"","name":"/Users/fabricendri/Developer/SnapSell/src/app/api/catalogue/[itemId]/photo/route.test.ts"},{"assertionResults":[{"ancestorTitles":["embedded-signup.integration"],"fullName":"embedded-signup.integration valide le flow E2E backend: code OAuth -> echange -> stockage tenant -> hasAccessToken=true","status":"skipped","title":"valide le flow E2E backend: code OAuth -> echange -> stockage tenant -> hasAccessToken=true","failureMessages":[],"meta":{}},{"ancestorTitles":["embedded-signup.integration"],"fullName":"embedded-signup.integration retourne BAD_REQUEST si le code/token est expire","status":"skipped","title":"retourne BAD_REQUEST si le code/token est expire","failureMessages":[],"meta":{}},{"ancestorTitles":["embedded-signup.integration"],"fullName":"embedded-signup.integration retourne BAD_REQUEST si les permissions/scopes sont insuffisants","status":"skipped","title":"retourne BAD_REQUEST si les permissions/scopes sont insuffisants","failureMessages":[],"meta":{}},{"ancestorTitles":["embedded-signup.integration"],"fullName":"embedded-signup.integration retourne BAD_REQUEST si aucun WABA/numero utilisable n'est resolu (sandbox suspendu/inexploitable)","status":"skipped","title":"retourne BAD_REQUEST si aucun WABA/numero utilisable n'est resolu (sandbox suspendu/inexploitable)","failureMessages":[],"meta":{}}],"startTime":1775982330869,"endTime":1775982330869,"status":"passed","message":"","name":"/Users/fabricendri/Developer/SnapSell/src/server/messaging/providers/meta/__tests__/embedded-signup.integration.test.ts"},{"assertionResults":[{"ancestorTitles":["Meta WhatsApp E2E Integration"],"fullName":"Meta WhatsApp E2E Integration AC#1 — POST webhook → messageIn en DB → job enqueue → correlationId UUID","status":"skipped","title":"AC#1 — POST webhook → messageIn en DB → job enqueue → correlationId UUID","failureMessages":[],"meta":{}},{"ancestorTitles":["Meta WhatsApp E2E Integration"],"fullName":"Meta WhatsApp E2E Integration AC#2 — messageOut pending → processOutboundMessage → sent + providerMessageId","status":"skipped","title":"AC#2 — messageOut pending → processOutboundMessage → sent + providerMessageId","failureMessages":[],"meta":{}},{"ancestorTitles":["Meta WhatsApp E2E Integration"],"fullName":"Meta WhatsApp E2E Integration AC#3 — POST batch 3 messages → 3 messageIn en DB → 3 jobs distincts","status":"skipped","title":"AC#3 — POST batch 3 messages → 3 messageIn en DB → 3 jobs distincts","failureMessages":[],"meta":{}},{"ancestorTitles":["Meta WhatsApp E2E Integration"],"fullName":"Meta WhatsApp E2E Integration AC#4 — doublon rejete → 0 nouveau messageIn, 0 job, log idempotent_ignored, reponse 200","status":"skipped","title":"AC#4 — doublon rejete → 0 nouveau messageIn, 0 job, log idempotent_ignored, reponse 200","failureMessages":[],"meta":{}},{"ancestorTitles":["Meta WhatsApp E2E Integration"],"fullName":"Meta WhatsApp E2E Integration AC#5 — tenant sans config Meta → failed + lastError meta_config_missing (pg-boss handles DLQ)","status":"skipped","title":"AC#5 — tenant sans config Meta → failed + lastError meta_config_missing (pg-boss handles DLQ)","failureMessages":[],"meta":{}},{"ancestorTitles":["Meta WhatsApp E2E Integration"],"fullName":"Meta WhatsApp E2E Integration AC#6 — POST image Meta → messageIn avec mediaUrl meta-media://{media_id}","status":"skipped","title":"AC#6 — POST image Meta → messageIn avec mediaUrl meta-media://{media_id}","failureMessages":[],"meta":{}}],"startTime":1775982330869,"endTime":1775982330869,"status":"passed","message":"","name":"/Users/fabricendri/Developer/SnapSell/src/server/messaging/providers/meta/__tests__/meta-e2e.integration.test.ts"}]}
